app/build/intermediates/manifest_merge_blame_file/debug/manifest-merger-blame-debug-report.txt
1<?xml version="1.0" encoding="utf-8"?>
2<manifest xmlns:android="http://schemas.android.com/apk/res/android"
3    package="com.vectorsol.masradiopb"
4    android:versionCode="1"
5    android:versionName="1.0" >
6
7    <uses-sdk
8        android:minSdkVersion="16"
8-->src\main\AndroidManifest.xml
9        android:targetSdkVersion="30" />
9-->src\main\AndroidManifest.xml
10    <!-- required permission for network and radio -->
11    <uses-permission android:name="android.permission.ACCESS_WIFI_STATE" />
11-->src\main\AndroidManifest.xml:6:5-76
11-->src\main\AndroidManifest.xml:6:22-73
12    <uses-permission android:name="android.permission.ACCESS_NETWORK_STATE" />
12-->src\main\AndroidManifest.xml:7:5-79
12-->src\main\AndroidManifest.xml:7:22-76
13    <uses-permission android:name="android.permission.INTERNET" />
13-->src\main\AndroidManifest.xml:8:5-67
13-->src\main\AndroidManifest.xml:8:22-64
14    <uses-permission android:name="android.permission.FOREGROUND_SERVICE" />
14-->src\main\AndroidManifest.xml:9:5-77
14-->src\main\AndroidManifest.xml:9:22-74
15    <uses-permission android:name="android.permission.WAKE_LOCK" />
15-->src\main\AndroidManifest.xml:10:5-68
15-->src\main\AndroidManifest.xml:10:22-65
16    <uses-permission android:name="android.permission.READ_PHONE_STATE" />
16-->src\main\AndroidManifest.xml:11:5-75
16-->src\main\AndroidManifest.xml:11:22-72
17
18    <application
18-->src\main\AndroidManifest.xml:13:5-43:19
19        android:name="androidx.multidex.MultiDexApplication"
20        android:allowBackup="true"
20-->src\main\AndroidManifest.xml:14:9-35
21        android:appComponentFactory="androidx.core.app.CoreComponentFactory"
21-->[androidx.core:core:1.5.0] AndroidManifest.xml:24:18-86
22        android:debuggable="true"
23        android:icon="@mipmap/ic_launcher"
23-->src\main\AndroidManifest.xml:15:9-43
24        android:label="@string/app_name"
24-->src\main\AndroidManifest.xml:16:9-41
25        android:roundIcon="@mipmap/ic_launcher_round"
25-->src\main\AndroidManifest.xml:17:9-54
26        android:supportsRtl="true"
26-->src\main\AndroidManifest.xml:18:9-35
27        android:theme="@style/AppTheme"
27-->src\main\AndroidManifest.xml:19:9-40
28        android:usesCleartextTraffic="true" >
28-->src\main\AndroidManifest.xml:20:9-44
29        <activity
29-->src\main\AndroidManifest.xml:23:9-34:20
30            android:name="com.vectorsol.masradiopb.activities.MainActivity"
30-->src\main\AndroidManifest.xml:24:13-52
31            android:allowBackup="true"
31-->src\main\AndroidManifest.xml:25:13-39
32            android:launchMode="singleTop"
32-->src\main\AndroidManifest.xml:26:13-43
33            android:screenOrientation="portrait"
33-->src\main\AndroidManifest.xml:27:13-49
34            android:theme="@style/AppTheme.NoActionBar" >
34-->src\main\AndroidManifest.xml:28:13-56
35            <intent-filter>
35-->src\main\AndroidManifest.xml:29:13-33:29
36                <action android:name="android.intent.action.MAIN" />
36-->src\main\AndroidManifest.xml:30:17-69
36-->src\main\AndroidManifest.xml:30:25-66
37
38                <category android:name="android.intent.category.LAUNCHER" />
38-->src\main\AndroidManifest.xml:32:17-77
38-->src\main\AndroidManifest.xml:32:27-74
39            </intent-filter>
40        </activity>
41
42        <service android:name="com.vectorsol.masradiopb.services.RadioService" />
42-->src\main\AndroidManifest.xml:36:9-82
42-->src\main\AndroidManifest.xml:36:18-79
43
44        <receiver android:name="androidx.media.session.MediaButtonReceiver" >
44-->src\main\AndroidManifest.xml:38:9-42:20
44-->src\main\AndroidManifest.xml:38:19-76
45            <intent-filter>
45-->src\main\AndroidManifest.xml:39:13-41:29
46                <action android:name="android.intent.action.MEDIA_BUTTON" />
46-->src\main\AndroidManifest.xml:40:17-77
46-->src\main\AndroidManifest.xml:40:25-74
47            </intent-filter>
48        </receiver>
49
50        <activity
50-->[com.karumi:dexter:4.2.0] AndroidManifest.xml:27:9-29:72
51            android:name="com.karumi.dexter.DexterActivity"
51-->[com.karumi:dexter:4.2.0] AndroidManifest.xml:28:13-60
52            android:theme="@style/Dexter.Internal.Theme.Transparent" />
52-->[com.karumi:dexter:4.2.0] AndroidManifest.xml:29:13-69
53
54        <provider
54-->[com.squareup.picasso:picasso:2.71828] AndroidManifest.xml:8:9-11:40
55            android:name="com.squareup.picasso.PicassoProvider"
55-->[com.squareup.picasso:picasso:2.71828] AndroidManifest.xml:9:13-64
56            android:authorities="com.vectorsol.masradiopb.com.squareup.picasso"
56-->[com.squareup.picasso:picasso:2.71828] AndroidManifest.xml:10:13-72
57            android:exported="false" />
57-->[com.squareup.picasso:picasso:2.71828] AndroidManifest.xml:11:13-37
58    </application>
59
60</manifest>